<?xml version="1.0" encoding="UTF-8"?>
<!-- Generated by org.testng.reporters.JUnitReportReporter -->
<testsuite hostname="43HMMC2" name="acceptancetest.acat" tests="2" failures="0" timestamp="9 Apr 2020 21:57:31 GMT" time="6.308" errors="0">
  <testcase name="homePagetest" time="5.987" classname="acceptancetest.acat"/>
  <testcase name="logintest" time="0.321" classname="acceptancetest.acat"/>
</testsuite> <!-- acceptancetest.acat -->
